This is pdfTeX, Version 3.14159265-2.6-1.40.15 (TeX Live 2014) (preloaded format=pdflatex 2014.5.25)  28 OCT 2014 10:16
entering extended mode
 restricted \write18 enabled.
 file:line:error style messages enabled.
 %&-line parsing enabled.
**dis.tex
(./dis.tex
LaTeX2e <2014/05/01>
Babel <3.9k> and hyphenation patterns for 78 languages loaded.
(./msuphddissertation.cls
Document Class: msuphddissertation 
(/usr/local/texlive/2014/texmf-dist/tex/latex/base/book.cls
Document Class: book 2007/10/19 v1.4h Standard LaTeX document class
(/usr/local/texlive/2014/texmf-dist/tex/latex/base/bk12.clo
File: bk12.clo 2007/10/19 v1.4h Standard LaTeX file (size option)
)
\c@part=\count79
\c@chapter=\count80
\c@section=\count81
\c@subsection=\count82
\c@subsubsection=\count83
\c@paragraph=\count84
\c@subparagraph=\count85
\c@figure=\count86
\c@table=\count87
\abovecaptionskip=\skip41
\belowcaptionskip=\skip42
\bibindent=\dimen102
)
(/usr/local/texlive/2014/texmf-dist/tex/latex/base/ifthen.sty
Package: ifthen 2001/05/26 v1.1c Standard LaTeX ifthen package (DPC)
)
(/usr/local/texlive/2014/texmf-dist/tex/latex/setspace/setspace.sty
Package: setspace 2011/12/19 v6.7a set line spacing
)
(/usr/local/texlive/2014/texmf-dist/tex/latex/tocloft/tocloft.sty
Package: tocloft 2013/05/02 v2.3f parameterised ToC, etc., typesetting
Package tocloft Info: The document has chapter divisions on input line 44.
\cftparskip=\skip43
\cftbeforetoctitleskip=\skip44
\cftaftertoctitleskip=\skip45
\cftbeforepartskip=\skip46
\cftpartnumwidth=\skip47
\cftpartindent=\skip48
\cftbeforechapskip=\skip49
\cftchapindent=\skip50
\cftchapnumwidth=\skip51
\cftbeforesecskip=\skip52
\cftsecindent=\skip53
\cftsecnumwidth=\skip54
\cftbeforesubsecskip=\skip55
\cftsubsecindent=\skip56
\cftsubsecnumwidth=\skip57
\cftbeforesubsubsecskip=\skip58
\cftsubsubsecindent=\skip59
\cftsubsubsecnumwidth=\skip60
\cftbeforeparaskip=\skip61
\cftparaindent=\skip62
\cftparanumwidth=\skip63
\cftbeforesubparaskip=\skip64
\cftsubparaindent=\skip65
\cftsubparanumwidth=\skip66
\cftbeforeloftitleskip=\skip67
\cftafterloftitleskip=\skip68
\cftbeforefigskip=\skip69
\cftfigindent=\skip70
\cftfignumwidth=\skip71
\cftbeforelottitleskip=\skip72
\cftafterlottitleskip=\skip73
\cftbeforetabskip=\skip74
\cfttabindent=\skip75
\cfttabnumwidth=\skip76
\cftbeforesubfigskip=\skip77
\cftsubfigindent=\skip78
\cftsubfignumwidth=\skip79
\cftbeforesubtabskip=\skip80
\cftsubtabindent=\skip81
\cftsubtabnumwidth=\skip82
)
(/usr/local/texlive/2014/texmf-dist/tex/latex/subfig/subfig.sty
Package: subfig 2005/06/28 ver: 1.3 subfig package

(/usr/local/texlive/2014/texmf-dist/tex/latex/graphics/keyval.sty
Package: keyval 2014/05/08 v1.15 key=value parser (DPC)
\KV@toks@=\toks14
)
(/usr/local/texlive/2014/texmf-dist/tex/latex/caption/caption.sty
Package: caption 2013/05/02 v3.3-89 Customizing captions (AR)

(/usr/local/texlive/2014/texmf-dist/tex/latex/caption/caption3.sty
Package: caption3 2013/05/02 v1.6-88 caption3 kernel (AR)
Package caption3 Info: TeX engine: e-TeX on input line 57.
\captionmargin=\dimen103
\captionmargin@=\dimen104
\captionwidth=\dimen105
\caption@tempdima=\dimen106
\caption@indent=\dimen107
\caption@parindent=\dimen108
\caption@hangindent=\dimen109
)
\c@ContinuedFloat=\count88
)
\c@KVtest=\count89
\sf@farskip=\skip83
\sf@captopadj=\dimen110
\sf@capskip=\skip84
\sf@nearskip=\skip85
\c@subfigure=\count90
\c@subfigure@save=\count91
\c@lofdepth=\count92
\c@subtable=\count93
\c@subtable@save=\count94
\c@lotdepth=\count95
\sf@top=\skip86
\sf@bottom=\skip87
)
(/usr/local/texlive/2014/texmf-dist/tex/latex/geometry/geometry.sty
Package: geometry 2010/09/12 v5.6 Page Geometry

(/usr/local/texlive/2014/texmf-dist/tex/generic/oberdiek/ifpdf.sty
Package: ifpdf 2011/01/30 v2.3 Provides the ifpdf switch (HO)
Package ifpdf Info: pdfTeX in PDF mode is detected.
)
(/usr/local/texlive/2014/texmf-dist/tex/generic/oberdiek/ifvtex.sty
Package: ifvtex 2010/03/01 v1.5 Detect VTeX and its facilities (HO)
Package ifvtex Info: VTeX not detected.
)
(/usr/local/texlive/2014/texmf-dist/tex/generic/ifxetex/ifxetex.sty
Package: ifxetex 2010/09/12 v0.6 Provides ifxetex conditional
)
\Gm@cnth=\count96
\Gm@cntv=\count97
\c@Gm@tempcnt=\count98
\Gm@bindingoffset=\dimen111
\Gm@wd@mp=\dimen112
\Gm@odd@mp=\dimen113
\Gm@even@mp=\dimen114
\Gm@layoutwidth=\dimen115
\Gm@layoutheight=\dimen116
\Gm@layouthoffset=\dimen117
\Gm@layoutvoffset=\dimen118
\Gm@dimlist=\toks15
)
(/usr/local/texlive/2014/texmf-dist/tex/latex/oberdiek/pdflscape.sty
Package: pdflscape 2008/08/11 v0.10 Display of landscape pages in PDF (HO)

(/usr/local/texlive/2014/texmf-dist/tex/latex/graphics/lscape.sty
Package: lscape 2000/10/22 v3.01 Landscape Pages (DPC)

(/usr/local/texlive/2014/texmf-dist/tex/latex/graphics/graphics.sty
Package: graphics 2009/02/05 v1.0o Standard LaTeX Graphics (DPC,SPQR)

(/usr/local/texlive/2014/texmf-dist/tex/latex/graphics/trig.sty
Package: trig 1999/03/16 v1.09 sin cos tan (DPC)
)
(/usr/local/texlive/2014/texmf-dist/tex/latex/latexconfig/graphics.cfg
File: graphics.cfg 2010/04/23 v1.9 graphics configuration of TeX Live
)
Package graphics Info: Driver file: pdftex.def on input line 91.

(/usr/local/texlive/2014/texmf-dist/tex/latex/pdftex-def/pdftex.def
File: pdftex.def 2011/05/27 v0.06d Graphics/color for pdfTeX

(/usr/local/texlive/2014/texmf-dist/tex/generic/oberdiek/infwarerr.sty
Package: infwarerr 2010/04/08 v1.3 Providing info/warning/error messages (HO)
)
(/usr/local/texlive/2014/texmf-dist/tex/generic/oberdiek/ltxcmds.sty
Package: ltxcmds 2011/11/09 v1.22 LaTeX kernel commands for general use (HO)
)
\Gread@gobject=\count99
)))
Package pdflscape Info: Auto-detected driver: pdftex on input line 80.
)
(/usr/local/texlive/2014/texmf-dist/tex/latex/rotating/rotating.sty
Package: rotating 2009/03/28 v2.16a rotated objects in LaTeX

(/usr/local/texlive/2014/texmf-dist/tex/latex/graphics/graphicx.sty
Package: graphicx 2014/04/25 v1.0g Enhanced LaTeX Graphics (DPC,SPQR)
\Gin@req@height=\dimen119
\Gin@req@width=\dimen120
)
\c@r@tfl@t=\count100
\rotFPtop=\skip88
\rotFPbot=\skip89
\rot@float@box=\box26
\rot@mess@toks=\toks16
))
(/usr/local/texlive/2014/texmf-dist/tex/latex/amsfonts/amssymb.sty
Package: amssymb 2013/01/14 v3.01 AMS font symbols

(/usr/local/texlive/2014/texmf-dist/tex/latex/amsfonts/amsfonts.sty
Package: amsfonts 2013/01/14 v3.01 Basic AMSFonts support
\@emptytoks=\toks17
\symAMSa=\mathgroup4
\symAMSb=\mathgroup5
LaTeX Font Info:    Overwriting math alphabet `\mathfrak' in version `bold'
(Font)                  U/euf/m/n --> U/euf/b/n on input line 106.
))
(/usr/local/texlive/2014/texmf-dist/tex/latex/amsmath/amsmath.sty
Package: amsmath 2013/01/14 v2.14 AMS math features
\@mathmargin=\skip90

For additional information on amsmath, use the `?' option.
(/usr/local/texlive/2014/texmf-dist/tex/latex/amsmath/amstext.sty
Package: amstext 2000/06/29 v2.01

(/usr/local/texlive/2014/texmf-dist/tex/latex/amsmath/amsgen.sty
File: amsgen.sty 1999/11/30 v2.0
\@emptytoks=\toks18
\ex@=\dimen121
))
(/usr/local/texlive/2014/texmf-dist/tex/latex/amsmath/amsbsy.sty
Package: amsbsy 1999/11/29 v1.2d
\pmbraise@=\dimen122
)
(/usr/local/texlive/2014/texmf-dist/tex/latex/amsmath/amsopn.sty
Package: amsopn 1999/12/14 v2.01 operator names
)
\inf@bad=\count101
LaTeX Info: Redefining \frac on input line 210.
\uproot@=\count102
\leftroot@=\count103
LaTeX Info: Redefining \overline on input line 306.
\classnum@=\count104
\DOTSCASE@=\count105
LaTeX Info: Redefining \ldots on input line 378.
LaTeX Info: Redefining \dots on input line 381.
LaTeX Info: Redefining \cdots on input line 466.
\Mathstrutbox@=\box27
\strutbox@=\box28
\big@size=\dimen123
LaTeX Font Info:    Redeclaring font encoding OML on input line 566.
LaTeX Font Info:    Redeclaring font encoding OMS on input line 567.
\macc@depth=\count106
\c@MaxMatrixCols=\count107
\dotsspace@=\muskip10
\c@parentequation=\count108
\dspbrk@lvl=\count109
\tag@help=\toks19
\row@=\count110
\column@=\count111
\maxfields@=\count112
\andhelp@=\toks20
\eqnshift@=\dimen124
\alignsep@=\dimen125
\tagshift@=\dimen126
\tagwidth@=\dimen127
\totwidth@=\dimen128
\lineht@=\dimen129
\@envbody=\toks21
\multlinegap=\skip91
\multlinetaggap=\skip92
\mathdisplay@stack=\toks22
LaTeX Info: Redefining \[ on input line 2665.
LaTeX Info: Redefining \] on input line 2666.
)
(/usr/local/texlive/2014/texmf-dist/tex/latex/natbib/natbib.sty
Package: natbib 2010/09/13 8.31b (PWD, AO)
\bibhang=\skip93
\bibsep=\skip94
LaTeX Info: Redefining \cite on input line 694.
\c@NAT@ctr=\count113
)
(/usr/local/texlive/2014/texmf-dist/tex/latex/url/url.sty
\Urlmuskip=\muskip11
Package: url 2013/09/16  ver 3.4  Verb mode for urls, etc.
) (./dis.aux)
\openout1 = `dis.aux'.

LaTeX Font Info:    Checking defaults for OML/cmm/m/it on input line 55.
LaTeX Font Info:    ... okay on input line 55.
LaTeX Font Info:    Checking defaults for T1/cmr/m/n on input line 55.
LaTeX Font Info:    ... okay on input line 55.
LaTeX Font Info:    Checking defaults for OT1/cmr/m/n on input line 55.
LaTeX Font Info:    ... okay on input line 55.
LaTeX Font Info:    Checking defaults for OMS/cmsy/m/n on input line 55.
LaTeX Font Info:    ... okay on input line 55.
LaTeX Font Info:    Checking defaults for OMX/cmex/m/n on input line 55.
LaTeX Font Info:    ... okay on input line 55.
LaTeX Font Info:    Checking defaults for U/cmr/m/n on input line 55.
LaTeX Font Info:    ... okay on input line 55.
Package caption Info: Begin \AtBeginDocument code.
Package caption Info: subfig package v1.3 is loaded.
Package caption Info: rotating package is loaded.
Package caption Info: End \AtBeginDocument code.

*geometry* driver: auto-detecting
*geometry* detected driver: pdftex
*geometry* verbose mode - [ preamble ] result:
* driver: pdftex
* paper: <default>
* layout: <same size as paper>
* layoutoffset:(h,v)=(0.0pt,0.0pt)
* modes: 
* h-part:(L,W,R)=(72.26999pt, 469.75502pt, 72.26999pt)
* v-part:(T,H,B)=(72.26999pt, 650.43001pt, 72.26999pt)
* \paperwidth=614.295pt
* \paperheight=794.96999pt
* \textwidth=469.75502pt
* \textheight=650.43001pt
* \oddsidemargin=0.0pt
* \evensidemargin=0.0pt
* \topmargin=-31.8738pt
* \headheight=12.0pt
* \headsep=19.8738pt
* \topskip=12.0pt
* \footskip=30.0pt
* \marginparwidth=47.0pt
* \marginparsep=7.0pt
* \columnsep=10.0pt
* \skip\footins=10.8pt plus 4.0pt minus 2.0pt
* \hoffset=0.0pt
* \voffset=0.0pt
* \mag=1000
* \@twocolumnfalse
* \@twosidefalse
* \@mparswitchfalse
* \@reversemarginfalse
* (1in=72.27pt=25.4mm, 1cm=28.453pt)

(/usr/local/texlive/2014/texmf-dist/tex/context/base/supp-pdf.mkii
[Loading MPS to PDF converter (version 2006.09.02).]
\scratchcounter=\count114
\scratchdimen=\dimen130
\scratchbox=\box29
\nofMPsegments=\count115
\nofMParguments=\count116
\everyMPshowfont=\toks23
\MPscratchCnt=\count117
\MPscratchDim=\dimen131
\MPnumerator=\count118
\makeMPintoPDFobject=\count119
\everyMPtoPDFconversion=\toks24
) (/usr/local/texlive/2014/texmf-dist/tex/generic/oberdiek/pdftexcmds.sty
Package: pdftexcmds 2011/11/29 v0.20 Utility functions of pdfTeX for LuaTeX (HO
)

(/usr/local/texlive/2014/texmf-dist/tex/generic/oberdiek/ifluatex.sty
Package: ifluatex 2010/03/01 v1.3 Provides the ifluatex switch (HO)
Package ifluatex Info: LuaTeX not detected.
)
Package pdftexcmds Info: LuaTeX not detected.
Package pdftexcmds Info: \pdf@primitive is available.
Package pdftexcmds Info: \pdf@ifprimitive is available.
Package pdftexcmds Info: \pdfdraftmode found.
)
(/usr/local/texlive/2014/texmf-dist/tex/latex/oberdiek/epstopdf-base.sty
Package: epstopdf-base 2010/02/09 v2.5 Base part for package epstopdf

(/usr/local/texlive/2014/texmf-dist/tex/latex/oberdiek/grfext.sty
Package: grfext 2010/08/19 v1.1 Manage graphics extensions (HO)

(/usr/local/texlive/2014/texmf-dist/tex/generic/oberdiek/kvdefinekeys.sty
Package: kvdefinekeys 2011/04/07 v1.3 Define keys (HO)
))
(/usr/local/texlive/2014/texmf-dist/tex/latex/oberdiek/kvoptions.sty
Package: kvoptions 2011/06/30 v3.11 Key value format for package options (HO)

(/usr/local/texlive/2014/texmf-dist/tex/generic/oberdiek/kvsetkeys.sty
Package: kvsetkeys 2012/04/25 v1.16 Key value parser (HO)

(/usr/local/texlive/2014/texmf-dist/tex/generic/oberdiek/etexcmds.sty
Package: etexcmds 2011/02/16 v1.5 Avoid name clashes with e-TeX commands (HO)
Package etexcmds Info: Could not find \expanded.
(etexcmds)             That can mean that you are not using pdfTeX 1.50 or
(etexcmds)             that some package has redefined \expanded.
(etexcmds)             In the latter case, load this package earlier.
)))
Package grfext Info: Graphics extension search list:
(grfext)             [.png,.pdf,.jpg,.mps,.jpeg,.jbig2,.jb2,.PNG,.PDF,.JPG,.JPE
G,.JBIG2,.JB2,.eps]
(grfext)             \AppendGraphicsExtensions on input line 452.

(/usr/local/texlive/2014/texmf-dist/tex/latex/latexconfig/epstopdf-sys.cfg
File: epstopdf-sys.cfg 2010/07/13 v1.3 Configuration of (r)epstopdf for TeX Liv
e
))
LaTeX Font Info:    Try loading font information for U+msa on input line 57.

(/usr/local/texlive/2014/texmf-dist/tex/latex/amsfonts/umsa.fd
File: umsa.fd 2013/01/14 v3.01 AMS symbols A
)
LaTeX Font Info:    Try loading font information for U+msb on input line 57.

(/usr/local/texlive/2014/texmf-dist/tex/latex/amsfonts/umsb.fd
File: umsb.fd 2013/01/14 v3.01 AMS symbols B
) [1


{/usr/local/texlive/2014/texmf-var/fonts/map/pdftex/updmap/pdftex.map}] [2] [3]
 (./ack.tex)
[4] (./dis.toc [5


])
\tf@toc=\write3
\openout3 = `dis.toc'.

 [6] (./dis.lot)
\tf@lot=\write4
\openout4 = `dis.lot'.

 [7



] (./dis.lof

LaTeX Warning: Reference `fig:figure_2_Mocc_dist' on page 19 undefined on input
 line 5.


LaTeX Warning: Reference `fig:figure_2_Mocu_dist' on page 19 undefined on input
 line 5.


LaTeX Warning: Reference `fig:figure_3_mocc_mapping' on page 21 undefined on in
put line 8.


LaTeX Warning: Reference `fig:figure_3_mocu_mapping' on page 21 undefined on in
put line 8.


Overfull \hbox (4.18092pt too wide) in paragraph at lines 9--9
 \OT1/cmr/bx/n/12 gula se-quences. \OT1/cmr/m/n/12 The NCBI has 178 Mol-gula se
-quence in its database. 
 []

[8



])
\tf@lof=\write5
\openout5 = `dis.lof'.

 [9] (./background.tex
Chapter 1.
[1


] [2]) (./litreview.tex [3]
Chapter 2.

Package natbib Warning: Citation `kourakis_one-dimensional_2014' on page 4 unde
fined on input line 6.

[4

] [5] [6] [7]

Package natbib Warning: Citation `kourakis_one-dimensional_2014' on page 8 unde
fined on input line 16.

[8]

Package natbib Warning: Citation `kobayashi_differential_2013' on page 9 undefi
ned on input line 33.


Package natbib Warning: Citation `quail_tale_2012' on page 9 undefined on input
 line 35.

) (./comp.tex [9] [10]
Chapter 3.

Package natbib Warning: Citation `wang_rna-seq:_2009' on page 11 undefined on i
nput line 7.


Package natbib Warning: Citation `zhang_impact_2011' on page 11 undefined on in
put line 9.


Package natbib Warning: Citation `pop_genome_2009' on page 11 undefined on inpu
t line 9.


Package natbib Warning: Citation `vinson_assembly_2005' on page 11 undefined on
 input line 9.


Package natbib Warning: Citation `stapley_adaptation_2010' on page 11 undefined
 on input line 9.


Package natbib Warning: Citation `vijay_challenges_2012' on page 11 undefined o
n input line 9.

[11

]

Package natbib Warning: Citation `grabherr_full-length_2011' on page 12 undefin
ed on input line 11.


Package natbib Warning: Citation `zerbino_velvet:_2008' on page 12 undefined on
 input line 11.


Package natbib Warning: Citation `schulz_oases:_2012' on page 12 undefined on i
nput line 11.


Package natbib Warning: Citation `pop_genome_2009' on page 12 undefined on inpu
t line 11.


Package natbib Warning: Citation `haas_novo_2013' on page 12 undefined on input
 line 13.

[12] [13]
Overfull \hbox (57.23813pt too wide) in paragraph at lines 28--29
\OT1/cmr/m/n/12 Scripts used to run these steps can be found in the fol-low-ing
 GitHub repos-i-tory: https://github.com/ged-
 []


Package natbib Warning: Citation `lohse_robina:_2012' on page 14 undefined on i
nput line 30.


Package natbib Warning: Citation `macmanes_optimal_2014' on page 14 undefined o
n input line 30.

<manuscript/Table1.pdf, id=78, 427.29387pt x 153.91522pt>
File: manuscript/Table1.pdf Graphic file (type pdf)

<use manuscript/Table1.pdf>
Package pdftex.def Info: manuscript/Table1.pdf used on input line 36.
(pdftex.def)             Requested size: 427.29283pt x 153.91483pt.

./comp.tex:37: Undefined control sequence.
<argument> ...occulta} had approximately \mytilde 
                                                  237 million reads and was ...
l.37 ...ced by 77\% to \mytilde50 million reads. }
                                                  
? 
./comp.tex:37: Undefined control sequence.
<argument> ...ads and reduced by 77\% to \mytilde 
                                                  50 million reads. \relax }...
l.37 ...ced by 77\% to \mytilde50 million reads. }
                                                  
? 
./comp.tex:37: Undefined control sequence.
<argument> ...occulta} had approximately \mytilde 
                                                  237 million reads and was ...
l.37 ...ced by 77\% to \mytilde50 million reads. }
                                                  
? 
./comp.tex:37: Undefined control sequence.
<argument> ...ads and reduced by 77\% to \mytilde 
                                                  50 million reads. 
l.37 ...ced by 77\% to \mytilde50 million reads. }
                                                  
? 
./comp.tex:37: Undefined control sequence.
<argument> ...occulta} had approximately \mytilde 
                                                  237 million reads and was ...
l.37 ...ced by 77\% to \mytilde50 million reads. }
                                                  
? 
./comp.tex:37: Undefined control sequence.
<argument> ...ads and reduced by 77\% to \mytilde 
                                                  50 million reads. 
l.37 ...ced by 77\% to \mytilde50 million reads. }
                                                  
? 
[14]

Package natbib Warning: Citation `vijay_challenges_2012' on page 15 undefined o
n input line 42.


Package natbib Warning: Citation `grabherr_full-length_2011' on page 15 undefin
ed on input line 42.


Package natbib Warning: Citation `schulz_oases:_2012' on page 15 undefined on i
nput line 42.

LaTeX Font Info:    Try loading font information for OML+cmr on input line 45.
(/usr/local/texlive/2014/texmf-dist/tex/latex/base/omlcmr.fd
File: omlcmr.fd 1999/05/25 v2.5h Standard LaTeX font definitions
)
LaTeX Font Info:    Font shape `OML/cmr/m/n' in size <12> not available
(Font)              Font shape `OML/cmm/m/it' tried instead on input line 45.


Package natbib Warning: Citation `li_cd-hit:_2006' on page 15 undefined on inpu
t line 45.

[15 <./manuscript/Table1.pdf>]

Package natbib Warning: Citation `langmead_fast_2012' on page 16 undefined on i
nput line 51.


Package natbib Warning: Citation `li_sequence_2009' on page 16 undefined on inp
ut line 51.

[16]
./comp.tex:56: Undefined control sequence.
l.56 ...e digitally normalized reads took \mytilde
                                                  22 CPU hours and 21 GB of ...

? 
./comp.tex:58: Undefined control sequence.
l.58 ...faster than assembling raw reads, \mytilde
                                                  15 hours compared to \myti...

? 
./comp.tex:58: Undefined control sequence.
l.58 ...ads, \mytilde15 hours compared to \mytilde
                                                  26 hours for \textit{M. oc...

? 
./comp.tex:58: Undefined control sequence.
l.58 ...hours for \textit{M. oculata} and \mytilde
                                                  24 hours compared to \myti...

? 
./comp.tex:58: Undefined control sequence.
l.58 ... and \mytilde24 hours compared to \mytilde
                                                  39 hours for \textit{M. oc...

? 
<manuscript/figure_1_time_and_memory.pdf, id=109, 578.16pt x 433.62pt>
File: manuscript/figure_1_time_and_memory.pdf Graphic file (type pdf)

<use manuscript/figure_1_time_and_memory.pdf>
Package pdftex.def Info: manuscript/figure_1_time_and_memory.pdf used on input 
line 62.
(pdftex.def)             Requested size: 289.07928pt x 216.80946pt.
 [17] [18 <./manuscript/figure_1_time_and_memory.pdf>]
<manuscript/Table2.pdf, id=121, 542.57625pt x 130.04636pt>
File: manuscript/Table2.pdf Graphic file (type pdf)

<use manuscript/Table2.pdf>
Package pdftex.def Info: manuscript/Table2.pdf used on input line 72.
(pdftex.def)             Requested size: 469.75502pt x 112.5937pt.


Package natbib Warning: Citation `pop_genome_2009' on page 19 undefined on inpu
t line 80.

[19 <./manuscript/Table2.pdf>]
<manuscript/figure_2_Mocu_dist.pdf, id=133, 433.62pt x 325.215pt>
File: manuscript/figure_2_Mocu_dist.pdf Graphic file (type pdf)

<use manuscript/figure_2_Mocu_dist.pdf>
Package pdftex.def Info: manuscript/figure_2_Mocu_dist.pdf used on input line 8
5.
(pdftex.def)             Requested size: 211.38832pt x 158.54291pt.
File: manuscript/figure_2_Mocu_dist.pdf Graphic file (type pdf)

<use manuscript/figure_2_Mocu_dist.pdf>
Package pdftex.def Info: manuscript/figure_2_Mocu_dist.pdf used on input line 8
9.
(pdftex.def)             Requested size: 211.38832pt x 158.54291pt.


LaTeX Warning: Reference `fig:figure_2_Mocc_dist' on page 20 undefined on input
 line 90.


LaTeX Warning: Reference `fig:figure_2_Mocu_dist' on page 20 undefined on input
 line 90.


LaTeX Warning: Reference `fig:figure_2_Mocc_dist' on page 20 undefined on input
 line 90.


LaTeX Warning: Reference `fig:figure_2_Mocu_dist' on page 20 undefined on input
 line 90.

<manuscript/Table_3_multiplicity.pdf, id=134, 236.0281pt x 132.74463pt>
File: manuscript/Table_3_multiplicity.pdf Graphic file (type pdf)

<use manuscript/Table_3_multiplicity.pdf>
Package pdftex.def Info: manuscript/Table_3_multiplicity.pdf used on input line
 96.
(pdftex.def)             Requested size: 187.89914pt x 105.68135pt.


Package caption Warning: \label without proper \caption on input line 107.
See the caption package documentation for explanation.


LaTeX Warning: Reference `fig:figure_3_mocc_mapping' on page 20 undefined on in
put line 102.

./comp.tex:106: Undefined control sequence.
l.106 	\subfigure
                 []{%
? 
<manuscript/figure_3_mocc_mapping.pdf, id=135, 794.97pt x 614.295pt>
File: manuscript/figure_3_mocc_mapping.pdf Graphic file (type pdf)

<use manuscript/figure_3_mocc_mapping.pdf>
Package pdftex.def Info: manuscript/figure_3_mocc_mapping.pdf used on input lin
e 108.
(pdftex.def)             Requested size: 187.89914pt x 145.19357pt.

./comp.tex:110: Undefined control sequence.
l.110 	\subfigure
                 []{%
? 
<manuscript/figure_3_mocu_mapping.pdf, id=136, 794.97pt x 614.295pt>
File: manuscript/figure_3_mocu_mapping.pdf Graphic file (type pdf)

<use manuscript/figure_3_mocu_mapping.pdf>
Package pdftex.def Info: manuscript/figure_3_mocu_mapping.pdf used on input lin
e 112.
(pdftex.def)             Requested size: 187.89914pt x 145.19357pt.


Package caption Warning: \label without proper \caption on input line 107.
See the caption package documentation for explanation.


LaTeX Warning: Reference `fig:figure_3_mocc_mapping' on page 20 undefined on in
put line 115.


Package caption Warning: \label without proper \caption on input line 111.
See the caption package documentation for explanation.


LaTeX Warning: Reference `fig:figure_3_mocu_mapping' on page 20 undefined on in
put line 115.


Package caption Warning: \label without proper \caption on input line 107.
See the caption package documentation for explanation.


LaTeX Warning: Reference `fig:figure_3_mocc_mapping' on page 20 undefined on in
put line 115.


Package caption Warning: \label without proper \caption on input line 111.
See the caption package documentation for explanation.


LaTeX Warning: Reference `fig:figure_3_mocu_mapping' on page 20 undefined on in
put line 115.

[20 <./manuscript/figure_2_Mocu_dist.pdf>]

Package natbib Warning: Citation `vijay_challenges_2012' on page 21 undefined o
n input line 120.


Package natbib Warning: Citation `martin_next-generation_2011' on page 21 undef
ined on input line 120.


Package natbib Warning: Citation `li_sequence_2009' on page 21 undefined on inp
ut line 120.

[21 <./manuscript/Table_3_multiplicity.pdf>] [22 <./manuscript/figure_3_mocc_ma
pping.pdf> <./manuscript/figure_3_mocu_mapping.pdf>]
./comp.tex:125: Undefined control sequence.
l.125 	\subfigure
                 []{%
? 
<manuscript/figure_4_moccVsknownmolg.pdf, id=181, 794.97pt x 614.295pt>
File: manuscript/figure_4_moccVsknownmolg.pdf Graphic file (type pdf)

<use manuscript/figure_4_moccVsknownmolg.pdf>
Package pdftex.def Info: manuscript/figure_4_moccVsknownmolg.pdf used on input 
line 127.
(pdftex.def)             Requested size: 187.89914pt x 145.19357pt.

./comp.tex:129: Undefined control sequence.
l.129 	\subfigure
                 []{%
? 
<manuscript/figure_4_mocuVsknownmolg.pdf, id=182, 794.97pt x 614.295pt>
File: manuscript/figure_4_mocuVsknownmolg.pdf Graphic file (type pdf)

<use manuscript/figure_4_mocuVsknownmolg.pdf>
Package pdftex.def Info: manuscript/figure_4_mocuVsknownmolg.pdf used on input 
line 131.
(pdftex.def)             Requested size: 187.89914pt x 145.19357pt.

Overfull \hbox (14.21442pt too wide) in paragraph at lines 141--141
[]\OT1/cmr/bx/n/14.4 Both un-nor-mal-ized and nor-mal-ized as-sem-blies re-cov-
ered many
 []

./comp.tex:142: Undefined control sequence.
l.142 ...with Trinity diginorm recovering \mytilde
                                                  99\% of Trinity's unnormal...

? 
[23 <./manuscript/figure_4_moccVsknownmolg.pdf> <./manuscript/figure_4_mocuVskn
ownmolg.pdf>]
./comp.tex:145: Undefined control sequence.
l.145 ...a genome of ~160 Mb and contains \mytilde
                                                  16,000 genes \citep{satoh_...

? 

Package natbib Warning: Citation `satoh_surfing_2005' on page 24 undefined on i
nput line 145.

[24]
./comp.tex:150: Undefined control sequence.
l.150 	\subfigure
                 [\textit{ M. occulta}]{%
? 
<manuscript/figure_5_mocc_blast_overlap.pdf, id=202, 794.97pt x 614.295pt>
File: manuscript/figure_5_mocc_blast_overlap.pdf Graphic file (type pdf)

<use manuscript/figure_5_mocc_blast_overlap.pdf>
Package pdftex.def Info: manuscript/figure_5_mocc_blast_overlap.pdf used on inp
ut line 152.
(pdftex.def)             Requested size: 187.89914pt x 145.19357pt.

./comp.tex:154: Undefined control sequence.
l.154 	\subfigure
                 [\textit{ M. oculata}]{%
? 
<manuscript/figure_5_mocu_blast_overlap.pdf, id=203, 794.97pt x 614.295pt>
File: manuscript/figure_5_mocu_blast_overlap.pdf Graphic file (type pdf)

<use manuscript/figure_5_mocu_blast_overlap.pdf>
Package pdftex.def Info: manuscript/figure_5_mocu_blast_overlap.pdf used on inp
ut line 156.
(pdftex.def)             Requested size: 187.89914pt x 145.19357pt.
 [25 <./manuscript/figure_5_mocc_blast_overlap.pdf> <./manuscript/figure_5_mocu
_blast_overlap.pdf>]

Package natbib Warning: Citation `parra_cegma:_2007' on page 26 undefined on in
put line 165.


Package natbib Warning: Citation `stach_phylogeny_2002' on page 26 undefined on
 input line 173.

[26]

Package natbib Warning: Citation `parra_cegma:_2007' on page 27 undefined on in
put line 175.


Package natbib Warning: Citation `haas_novo_2013' on page 27 undefined on input
 line 179.

[27]

Package natbib Warning: Citation `oneil_assessing_2013' on page 28 undefined on
 input line 187.

[28]

Package natbib Warning: Citation `vijay_challenges_2012' on page 29 undefined o
n input line 192.


Package natbib Warning: Citation `grabherr_full-length_2011' on page 29 undefin
ed on input line 192.


Package natbib Warning: Citation `van_belleghem_novo_2012' on page 29 undefined
 on input line 192.

[29]) (./genome.tex [30]
Chapter 4.
Missing character: There is no × in font cmr12!
[31

] [32]) (./anotherchapter.tex [33]
Chapter 5.
) (./conc.tex [34

]
Chapter 6.
) [35

] [36

] (./gloss.tex) (./dis.bbl [37


] [38] [39]
Missing character: There is no â in font cmr12!
Missing character: There is no € in font cmr12!
Missing character: There is no ™ in font cmr12!
 [40]
Missing character: There is no Ã in font cmr12!
Missing character: There is no ¼ in font cmr12!
 [41])

Package natbib Warning: There were undefined citations.

[42] (./dis.aux

Package natbib Warning: Citation(s) may have changed.
(natbib)                Rerun to get citations correct.

)

LaTeX Warning: There were undefined references.


LaTeX Warning: Label(s) may have changed. Rerun to get cross-references right.

 ) 
Here is how much of TeX's memory you used:
 5226 strings out of 493117
 80097 string characters out of 6135433
 150782 words of memory out of 5000000
 8570 multiletter control sequences out of 15000+600000
 8769 words of font info for 32 fonts, out of 8000000 for 9000
 1141 hyphenation exceptions out of 8191
 51i,10n,47p,2455b,453s stack positions out of 5000i,500n,10000p,200000b,80000s
</usr/local/texlive/2014/texmf-dist/fonts/type1/public/amsfonts/cm/cmbx10.pfb
></usr/local/texlive/2014/texmf-dist/fonts/type1/public/amsfonts/cm/cmbx12.pfb>
</usr/local/texlive/2014/texmf-dist/fonts/type1/public/amsfonts/cm/cmbxti10.pfb
></usr/local/texlive/2014/texmf-dist/fonts/type1/public/amsfonts/cm/cmmi12.pfb>
</usr/local/texlive/2014/texmf-dist/fonts/type1/public/amsfonts/cm/cmr10.pfb></
usr/local/texlive/2014/texmf-dist/fonts/type1/public/amsfonts/cm/cmr12.pfb></us
r/local/texlive/2014/texmf-dist/fonts/type1/public/amsfonts/cm/cmsy10.pfb></usr
/local/texlive/2014/texmf-dist/fonts/type1/public/amsfonts/cm/cmti10.pfb></usr/
local/texlive/2014/texmf-dist/fonts/type1/public/amsfonts/cm/cmti12.pfb>
Output written on dis.pdf (51 pages, 618997 bytes).
PDF statistics:
 304 PDF objects out of 1000 (max. 8388607)
 219 compressed objects within 3 object streams
 0 named destinations out of 1000 (max. 500000)
 56 words of extra memory for PDF output out of 10000 (max. 10000000)

